W:\PROJETS\PUISSANCE4\PUISSANCE4\DEBUG\2GAMERS.OBJ
W:\PROJETS\PUISSANCE4\PUISSANCE4\DEBUG\CONNECT4.OBJ
W:\PROJETS\PUISSANCE4\PUISSANCE4\DEBUG\CSURFACE.OBJ
W:\PROJETS\PUISSANCE4\PUISSANCE4\DEBUG\MAIN.OBJ
W:\PROJETS\PUISSANCE4\PUISSANCE4\DEBUG\START.OBJ
W:\PROJETS\PUISSANCE4\PUISSANCE4\DEBUG\VC110.PDB
W:\PROJETS\PUISSANCE4\DEBUG\PUISSANCE4.ILK
W:\PROJETS\PUISSANCE4\DEBUG\PUISSANCE4.EXE
W:\PROJETS\PUISSANCE4\DEBUG\PUISSANCE4.PDB
W:\Projets\Puissance4\Puissance4\Debug\2Gamers.obj
W:\Projets\Puissance4\Puissance4\Debug\Connect4.obj
W:\Projets\Puissance4\Puissance4\Debug\CSurface.obj
W:\Projets\Puissance4\Puissance4\Debug\main.obj
W:\Projets\Puissance4\Puissance4\Debug\Start.obj
W:\Projets\Puissance4\Puissance4\Debug\cl.command.1.tlog
W:\Projets\Puissance4\Puissance4\Debug\CL.read.1.tlog
W:\Projets\Puissance4\Puissance4\Debug\CL.write.1.tlog
W:\Projets\Puissance4\Puissance4\Debug\link-cvtres.read.1.tlog
W:\Projets\Puissance4\Puissance4\Debug\link-cvtres.write.1.tlog
W:\Projets\Puissance4\Puissance4\Debug\link-rc.read.1.tlog
W:\Projets\Puissance4\Puissance4\Debug\link-rc.write.1.tlog
W:\Projets\Puissance4\Puissance4\Debug\link.command.1.tlog
W:\Projets\Puissance4\Puissance4\Debug\link.read.1.tlog
W:\Projets\Puissance4\Puissance4\Debug\link.write.1.tlog
W:\Projets\Puissance4\Puissance4\Debug\vc110.idb
W:\Projets\Puissance4\Puissance4\Debug\vc110.pdb
W:\Projets\Puissance4\Debug\Puissance4.pdb
W:\Projets\Puissance4\Debug\Puissance4.exe
W:\Projets\Puissance4\Debug\Puissance4.ilk
