La génération a démarré 13/02/2015 16:13:11.
     1>Projet "W:\Projets\Puissance4\Puissance4\Puissance4.vcxproj" sur le nœud 2 (Build cible(s)).
     1>ClCompile:
         C:\Program Files (x86)\Microsoft Visual Studio 11.0\VC\bin\CL.exe /c /ZI /nologo /W3 /WX- /Od /Oy- /D WIN32 /D _DEBUG /D _CONSOLE /D _UNICODE /D UNICODE /Gm /EHsc /RTC1 /MDd /GS /fp:precise /Zc:wchar_t /Zc:forScope /Fo"Debug\\" /Fd"Debug\vc110.pdb" /Gd /TP /analyze- /errorReport:prompt 2Gamers.cpp CSurface.cpp Connect4.cpp Start.cpp
         Start.cpp
         Connect4.cpp
     1>w:\projets\puissance4\puissance4\connect4.cpp(211): warning C4244: 'initialisation' : conversion de 'float' en 'int', perte possible de données
         CSurface.cpp
         2Gamers.cpp
     1>w:\projets\puissance4\puissance4\2gamers.cpp(261): warning C4244: 'initialisation' : conversion de 'float' en 'int', perte possible de données
         Génération de code en cours...
       Link:
         C:\Program Files (x86)\Microsoft Visual Studio 11.0\VC\bin\link.exe /ERRORREPORT:PROMPT /OUT:"W:\Projets\Puissance4\Debug\Puissance4.exe" /INCREMENTAL /NOLOGO SDL.lib SDLmain.lib kernel32.lib user32.lib gdi32.lib winspool.lib comdlg32.lib advapi32.lib shell32.lib ole32.lib oleaut32.lib uuid.lib odbc32.lib odbccp32.lib /MANIFEST /MANIFESTUAC:"level='asInvoker' uiAccess='false'" /manifest:embed /DEBUG /PDB:"W:\Projets\Puissance4\Debug\Puissance4.pdb" /SUBSYSTEM:WINDOWS /TLBID:1 /DYNAMICBASE /NXCOMPAT /IMPLIB:"W:\Projets\Puissance4\Debug\Puissance4.lib" /MACHINE:X86 Debug\2Gamers.obj
         Debug\Connect4.obj
         Debug\CSurface.obj
         Debug\main.obj
         Debug\Start.obj
         Puissance4.vcxproj -> W:\Projets\Puissance4\Debug\Puissance4.exe
     1>Génération du projet "W:\Projets\Puissance4\Puissance4\Puissance4.vcxproj" terminée (Build cible(s)).

La génération a réussi.

Temps écoulé 00:00:02.39
